<?xml version="1.0" encoding="UTF-8"?>
<!-- Generated by org.testng.reporters.JUnitReportReporter -->
<testsuite skipped="0" hostname="DESKTOP-8OBLECF" name="com.demoautomation.testcases.RegisterUser" tests="1" failures="0" timestamp="2020-06-27T00:06:34 IST" time="12.808" errors="0">
  <testcase name="createUser" time="12.808" classname="com.demoautomation.testcases.RegisterUser"/>
</testsuite> <!-- com.demoautomation.testcases.RegisterUser -->
