<?xml version="1.0" encoding="UTF-8"?>
<!-- Generated by org.testng.reporters.JUnitReportReporter -->
<testsuite skipped="0" hostname="DESKTOP-8OBLECF" name="com.demoautomation.testcases.LoginTest" tests="2" failures="0" timestamp="2020-06-27T08:08:25 IST" time="13.772" errors="0">
  <testcase name="loginWithAdmin" time="10.498" classname="com.demoautomation.testcases.LoginTest"/>
  <testcase name="logout" time="3.274" classname="com.demoautomation.testcases.LoginTest"/>
</testsuite> <!-- com.demoautomation.testcases.LoginTest -->
